0 info it worked if it ends with ok
1 verbose cli [ '/home/ubuntu/.nvm/v0.10.35/bin/node',
1 verbose cli   '/home/ubuntu/.nvm/v0.10.35/bin/npm',
1 verbose cli   'install',
1 verbose cli   'falsh' ]
2 info using npm@1.4.28
3 info using node@v0.10.35
4 warn package.json BookApp@1.0.0 No description
5 warn package.json http@0.0.0 http is also the name of a node core module.
6 warn package.json http@0.0.0 No description
7 warn package.json http@0.0.0 No repository field.
8 warn package.json http@0.0.0 No README data
9 warn package.json node.js@0.0.0 No repository field.
10 verbose readDependencies using package.json deps
11 verbose cache add [ 'falsh', null ]
12 verbose cache add name=undefined spec="falsh" args=["falsh",null]
13 verbose parsed url { protocol: null,
13 verbose parsed url   slashes: null,
13 verbose parsed url   auth: null,
13 verbose parsed url   host: null,
13 verbose parsed url   port: null,
13 verbose parsed url   hostname: null,
13 verbose parsed url   hash: null,
13 verbose parsed url   search: null,
13 verbose parsed url   query: null,
13 verbose parsed url   pathname: 'falsh',
13 verbose parsed url   path: 'falsh',
13 verbose parsed url   href: 'falsh' }
14 silly lockFile f1b9ed30-falsh falsh
15 verbose lock falsh /home/ubuntu/.npm/f1b9ed30-falsh.lock
16 silly lockFile f1b9ed30-falsh falsh
17 silly lockFile f1b9ed30-falsh falsh
18 verbose addNamed [ 'falsh', '' ]
19 verbose addNamed [ null, '*' ]
20 silly lockFile a4d3e157-falsh falsh@
21 verbose lock falsh@ /home/ubuntu/.npm/a4d3e157-falsh.lock
22 silly addNameRange { name: 'falsh', range: '*', hasData: false }
23 verbose request where is /falsh
24 verbose request registry https://registry.npmjs.org/
25 verbose request id da5f9ef369a069d4
26 verbose url raw /falsh
27 verbose url resolving [ 'https://registry.npmjs.org/', './falsh' ]
28 verbose url resolved https://registry.npmjs.org/falsh
29 verbose request where is https://registry.npmjs.org/falsh
30 info trying registry request attempt 1 at 22:18:02
31 http GET https://registry.npmjs.org/falsh
32 http 404 https://registry.npmjs.org/falsh
33 verbose headers { server: 'CouchDB/1.5.0 (Erlang OTP/R16B03)',
33 verbose headers   'content-type': 'application/json',
33 verbose headers   'cache-control': 'max-age=0',
33 verbose headers   'content-length': '51',
33 verbose headers   'accept-ranges': 'bytes',
33 verbose headers   date: 'Mon, 29 Jun 2015 22:18:03 GMT',
33 verbose headers   via: '1.1 varnish',
33 verbose headers   age: '0',
33 verbose headers   connection: 'keep-alive',
33 verbose headers   'x-served-by': 'cache-ams4124-AMS',
33 verbose headers   'x-cache': 'MISS',
33 verbose headers   'x-cache-hits': '0',
33 verbose headers   'x-timer': 'S1435616283.003169,VS0,VE688' }
34 silly registry.get cb [ 404,
34 silly registry.get   { server: 'CouchDB/1.5.0 (Erlang OTP/R16B03)',
34 silly registry.get     'content-type': 'application/json',
34 silly registry.get     'cache-control': 'max-age=0',
34 silly registry.get     'content-length': '51',
34 silly registry.get     'accept-ranges': 'bytes',
34 silly registry.get     date: 'Mon, 29 Jun 2015 22:18:03 GMT',
34 silly registry.get     via: '1.1 varnish',
34 silly registry.get     age: '0',
34 silly registry.get     connection: 'keep-alive',
34 silly registry.get     'x-served-by': 'cache-ams4124-AMS',
34 silly registry.get     'x-cache': 'MISS',
34 silly registry.get     'x-cache-hits': '0',
34 silly registry.get     'x-timer': 'S1435616283.003169,VS0,VE688' } ]
35 silly lockFile a4d3e157-falsh falsh@
36 silly lockFile a4d3e157-falsh falsh@
37 error 404 404 Not Found: falsh
37 error 404
37 error 404 'falsh' is not in the npm registry.
37 error 404 You should bug the author to publish it
37 error 404 It was specified as a dependency of 'BookApp'
37 error 404
37 error 404 Note that you can also install from a
37 error 404 tarball, folder, or http url, or git url.
38 error System Linux 3.14.13-c9
39 error command "/home/ubuntu/.nvm/v0.10.35/bin/node" "/home/ubuntu/.nvm/v0.10.35/bin/npm" "install" "falsh"
40 error cwd /home/ubuntu/workspace
41 error node -v v0.10.35
42 error npm -v 1.4.28
43 error code E404
44 verbose exit [ 1, true ]
